0 info it worked if it ends with ok
1 verbose cli [ '/usr/bin/nodejs', '/usr/bin/npm', 'run', 'test' ]
2 info using npm@3.8.6
3 info using node@v5.12.0
4 verbose run-script [ 'pretest', 'test', 'posttest' ]
5 info lifecycle ggrc-core@0.9.1~pretest: ggrc-core@0.9.1
6 silly lifecycle ggrc-core@0.9.1~pretest: no script for pretest, continuing
7 info lifecycle ggrc-core@0.9.1~test: ggrc-core@0.9.1
8 verbose lifecycle ggrc-core@0.9.1~test: unsafe-perm in lifecycle true
9 verbose lifecycle ggrc-core@0.9.1~test: PATH: /usr/lib/node_modules/npm/bin/node-gyp-bin:/vagrant/node_modules/.bin:/usr/bin:/vagrant/bin:/vagrant-dev/opt/google_appengine:/vagrant-dev/opt/dev_virtualenv/bin:/usr/local/sbin:/usr/local/bin:/usr/sbin:/usr/bin:/sbin:/bin:/usr/games:/usr/local/games:/vagrant-dev/node_modules/.bin/
10 verbose lifecycle ggrc-core@0.9.1~test: CWD: /vagrant
11 silly lifecycle ggrc-core@0.9.1~test: Args: [ '-c', 'run_unittests' ]
12 info lifecycle ggrc-core@0.9.1~test: Failed to exec test script
13 verbose stack Error: ggrc-core@0.9.1 test: `run_unittests`
13 verbose stack spawn ENOENT
13 verbose stack     at ChildProcess.<anonymous> (/usr/lib/node_modules/npm/lib/utils/spawn.js:17:16)
13 verbose stack     at emitTwo (events.js:100:13)
13 verbose stack     at ChildProcess.emit (events.js:185:7)
13 verbose stack     at maybeClose (internal/child_process.js:850:16)
13 verbose stack     at Process.ChildProcess._handle.onexit (internal/child_process.js:215:5)
14 verbose pkgid ggrc-core@0.9.1
15 verbose cwd /vagrant
16 error Linux 3.13.0-92-generic
17 error argv "/usr/bin/nodejs" "/usr/bin/npm" "run" "test"
18 error node v5.12.0
19 error npm  v3.8.6
20 error file sh
21 error code ELIFECYCLE
22 error errno ENOENT
23 error syscall spawn
24 error ggrc-core@0.9.1 test: `run_unittests`
24 error spawn ENOENT
25 error Failed at the ggrc-core@0.9.1 test script 'run_unittests'.
25 error Make sure you have the latest version of node.js and npm installed.
25 error If you do, this is most likely a problem with the ggrc-core package,
25 error not with npm itself.
25 error Tell the author that this fails on your system:
25 error     run_unittests
25 error You can get information on how to open an issue for this project with:
25 error     npm bugs ggrc-core
25 error Or if that isn't available, you can get their info via:
25 error     npm owner ls ggrc-core
25 error There is likely additional logging output above.
26 verbose exit [ 1, true ]
